<?xml version="1.0" encoding="UTF-8"?>
<!-- Generated by org.testng.reporters.JUnitReportReporter -->
<testsuite hostname="DESKTOP-Q2MLV88" failures="0" tests="1" name="webauto.publicclass" time="12.082" errors="0" timestamp="2025-09-17T18:23:01 IST" skipped="0">
  <testcase classname="webauto.publicclass" name="validatePublicclass" time="12.082"/>
</testsuite> <!-- webauto.publicclass -->
