<?xml version="1.0" encoding="UTF-8"?>
<!-- Generated by org.testng.reporters.JUnitReportReporter -->
<testsuite hostname="DESKTOP-Q2MLV88" failures="0" tests="1" name="webauto.privateclass" time="6.865" errors="0" timestamp="2025-09-17T18:23:01 IST" skipped="0">
  <testcase classname="webauto.privateclass" name="validatePrivateclass" time="6.865"/>
</testsuite> <!-- webauto.privateclass -->
