<?xml version="1.0" encoding="UTF-8"?>
<!-- Generated by org.testng.reporters.JUnitReportReporter -->
<testsuite hostname="DESKTOP-Q2MLV88" failures="0" tests="1" name="webauto.publicclass" time="14.437" errors="0" timestamp="2025-09-17T18:52:42 IST" skipped="0">
  <testcase classname="webauto.publicclass" name="validatePublicclass" time="14.437"/>
</testsuite> <!-- webauto.publicclass -->
